<?xml version="1.0" encoding="UTF-8"?>
<!-- Generated by org.testng.reporters.JUnitXMLReporter -->
<testsuite hostname="DESKTOP-55E04N3" failures="0" tests="3" name="Default test" time="0.014" errors="0" timestamp="18 Jul 2022 10:39:37 GMT">
  <testcase classname="org.mvn.testscripts.PracticeNew3Test" name="practiceSet" time="0.005"/>
  <testcase classname="org.mvn.testscripts.PracticeNew2Test" name="practiceNew2Test" time="0.001"/>
  <testcase classname="org.mvn.testscripts.PracticeNew1Test2" name="practiceNew1Test" time="0.001"/>
</testsuite> <!-- Default test -->
