<?xml version="1.0" encoding="UTF-8"?>
<testng-results total="2" passed="2" failed="0" skipped="0">
  <reporter-output>
    <line>
      <![CDATA[hello, had your lunch]]>
    </line>
    <line>
      <![CDATA[learning maven]]>
    </line>
  </reporter-output>
  <suite started-at="2022-07-18T11:12:14Z" name="Suite" finished-at="2022-07-18T11:12:14Z" duration-ms="16">
    <groups>
    </groups>
    <test started-at="2022-07-18T11:12:14Z" name="Test" finished-at="2022-07-18T11:12:14Z" duration-ms="16">
      <class name="org.mvn.testscripts.PracticeNew1Test">
        <test-method signature="practiceNew1Test()[pri:0, instance:org.mvn.testscripts.PracticeNew1Test@5b367418]" started-at="2022-07-18T16:42:14Z" name="practiceNew1Test" finished-at="2022-07-18T16:42:14Z" duration-ms="7" status="PASS">
          <reporter-output>
            <line>
              <![CDATA[hello, had your lunch]]>
            </line>
          </reporter-output>
        </test-method> <!-- practiceNew1Test -->
      </class> <!-- org.mvn.testscripts.PracticeNew1Test -->
      <class name="org.mvn.testscripts.PracticeNew2Test">
        <test-method signature="practiceNew2Test()[pri:0, instance:org.mvn.testscripts.PracticeNew2Test@2e48362c]" started-at="2022-07-18T16:42:14Z" name="practiceNew2Test" finished-at="2022-07-18T16:42:14Z" duration-ms="1" status="PASS">
          <reporter-output>
            <line>
              <![CDATA[learning maven]]>
            </line>
          </reporter-output>
        </test-method> <!-- practiceNew2Test -->
      </class> <!-- org.mvn.testscripts.PracticeNew2Test -->
    </test> <!-- Test -->
  </suite> <!-- Suite -->
</testng-results>
